# JRE version: OpenJDK Runtime Environment Corretto-11.0.28.6.1 (11.0.28+6) (build 11.0.28+6-LTS)
# Java VM: OpenJDK 64-Bit Server VM Corretto-11.0.28.6.1 (11.0.28+6-LTS, mixed mode, tiered, compressed oops, g1 gc, windows-amd64)
Heap:
 garbage-first heap   total 270336K, used 179119K [0x00000000e0000000, 0x0000000100000000)
  region size 1024K, 67 young (68608K), 1 survivors (1024K)
 Metaspace       used 59015K, capacity 61036K, committed 61312K, reserved 438272K
  class space    used 7564K, capacity 8308K, committed 8396K, reserved 385024K
GC Heap History (20 events):
Event: 24.114 GC heap before
{Heap before GC invocations=20 (full 0):
 garbage-first heap   total 262144K, used 224740K [0x00000000e0000000, 0x0000000100000000)
  region size 1024K, 153 young (156672K), 4 survivors (4096K)
 Metaspace       used 58432K, capacity 60432K, committed 60800K, reserved 438272K
  class space    used 7565K, capacity 8317K, committed 8396K, reserved 385024K
}
Event: 24.121 GC heap after
{Heap after GC invocations=21 (full 0):
 garbage-first heap   total 262144K, used 70141K [0x00000000e0000000, 0x0000000100000000)
  region size 1024K, 4 young (4096K), 4 survivors (4096K)
 Metaspace       used 58432K, capacity 60432K, committed 60800K, reserved 438272K
  class space    used 7565K, capacity 8317K, committed 8396K, reserved 385024K
}
Event: 24.997 GC heap before
{Heap before GC invocations=21 (full 0):
 garbage-first heap   total 262144K, used 222717K [0x00000000e0000000, 0x0000000100000000)
  region size 1024K, 153 young (156672K), 4 survivors (4096K)
 Metaspace       used 58751K, capacity 60787K, committed 61056K, reserved 438272K
  class space    used 7588K, capacity 8347K, committed 8396K, reserved 385024K
}
Event: 25.012 GC heap after
{Heap after GC invocations=22 (full 0):
 garbage-first heap   total 262144K, used 74020K [0x00000000e0000000, 0x0000000100000000)
  region size 1024K, 8 young (8192K), 8 survivors (8192K)
 Metaspace       used 58751K, capacity 60787K, committed 61056K, reserved 438272K
  class space    used 7588K, capacity 8347K, committed 8396K, reserved 385024K
}
Event: 25.578 GC heap before
{Heap before GC invocations=22 (full 0):
 garbage-first heap   total 262144K, used 221476K [0x00000000e0000000, 0x0000000100000000)
  region size 1024K, 153 young (156672K), 8 survivors (8192K)
 Metaspace       used 58769K, capacity 60788K, committed 61056K, reserved 438272K
  class space    used 7588K, capacity 8347K, committed 8396K, reserved 385024K
}
Event: 25.594 GC heap after
{Heap after GC invocations=23 (full 0):
 garbage-first heap   total 262144K, used 80076K [0x00000000e0000000, 0x0000000100000000)
  region size 1024K, 14 young (14336K), 14 survivors (14336K)
 Metaspace       used 58769K, capacity 60788K, committed 61056K, reserved 438272K
  class space    used 7588K, capacity 8347K, committed 8396K, reserved 385024K
}
Event: 25.915 GC heap before
{Heap before GC invocations=23 (full 0):
 garbage-first heap   total 262144K, used 220364K [0x00000000e0000000, 0x0000000100000000)
  region size 1024K, 151 young (154624K), 14 survivors (14336K)
 Metaspace       used 58771K, capacity 60788K, committed 61056K, reserved 438272K
  class space    used 7588K, capacity 8347K, committed 8396K, reserved 385024K
}
Event: 25.935 GC heap after
{Heap after GC invocations=24 (full 0):
 garbage-first heap   total 262144K, used 87328K [0x00000000e0000000, 0x0000000100000000)
  region size 1024K, 14 young (14336K), 14 survivors (14336K)
 Metaspace       used 58771K, capacity 60788K, committed 61056K, reserved 438272K
  class space    used 7588K, capacity 8347K, committed 8396K, reserved 385024K
}
Event: 26.856 GC heap before
{Heap before GC invocations=24 (full 0):
 garbage-first heap   total 262144K, used 223520K [0x00000000e0000000, 0x0000000100000000)
  region size 1024K, 144 young (147456K), 14 survivors (14336K)
 Metaspace       used 58996K, capacity 61064K, committed 61312K, reserved 438272K
  class space    used 7588K, capacity 8347K, committed 8396K, reserved 385024K
}
Event: 26.919 GC heap after
{Heap after GC invocations=25 (full 0):
 garbage-first heap   total 270336K, used 122697K [0x00000000e0000000, 0x0000000100000000)
  region size 1024K, 18 young (18432K), 18 survivors (18432K)
 Metaspace       used 58996K, capacity 61064K, committed 61312K, reserved 438272K
  class space    used 7588K, capacity 8347K, committed 8396K, reserved 385024K
}
Event: 27.634 GC heap before
{Heap before GC invocations=25 (full 0):
 garbage-first heap   total 270336K, used 211785K [0x00000000e0000000, 0x0000000100000000)
  region size 1024K, 105 young (107520K), 18 survivors (18432K)
 Metaspace       used 59016K, capacity 61076K, committed 61312K, reserved 438272K
  class space    used 7589K, capacity 8349K, committed 8396K, reserved 385024K
}
Event: 27.659 GC heap after
{Heap after GC invocations=26 (full 0):
 garbage-first heap   total 270336K, used 125440K [0x00000000e0000000, 0x0000000100000000)
  region size 1024K, 2 young (2048K), 2 survivors (2048K)
 Metaspace       used 59016K, capacity 61076K, committed 61312K, reserved 438272K
  class space    used 7589K, capacity 8349K, committed 8396K, reserved 385024K
}
Event: 28.491 GC heap before
{Heap before GC invocations=26 (full 0):
 garbage-first heap   total 270336K, used 211456K [0x00000000e0000000, 0x0000000100000000)
  region size 1024K, 88 young (90112K), 2 survivors (2048K)
 Metaspace       used 59060K, capacity 61146K, committed 61312K, reserved 438272K
  class space    used 7589K, capacity 8349K, committed 8396K, reserved 385024K
}
Event: 28.556 GC heap after
{Heap after GC invocations=27 (full 0):
 garbage-first heap   total 270336K, used 138752K [0x00000000e0000000, 0x0000000100000000)
  region size 1024K, 12 young (12288K), 12 survivors (12288K)
 Metaspace       used 59060K, capacity 61146K, committed 61312K, reserved 438272K
  class space    used 7589K, capacity 8349K, committed 8396K, reserved 385024K
}
Event: 29.736 GC heap before
{Heap before GC invocations=28 (full 0):
 garbage-first heap   total 270336K, used 182784K [0x00000000e0000000, 0x0000000100000000)
  region size 1024K, 86 young (88064K), 12 survivors (12288K)
 Metaspace       used 59014K, capacity 61035K, committed 61312K, reserved 438272K
  class space    used 7564K, capacity 8308K, committed 8396K, reserved 385024K
}
Event: 29.760 GC heap after
{Heap after GC invocations=29 (full 0):
 garbage-first heap   total 270336K, used 118058K [0x00000000e0000000, 0x0000000100000000)
  region size 1024K, 11 young (11264K), 11 survivors (11264K)
 Metaspace       used 59014K, capacity 61035K, committed 61312K, reserved 438272K
  class space    used 7564K, capacity 8308K, committed 8396K, reserved 385024K
}
Event: 29.785 GC heap before
{Heap before GC invocations=29 (full 0):
 garbage-first heap   total 270336K, used 120106K [0x00000000e0000000, 0x0000000100000000)
  region size 1024K, 13 young (13312K), 11 survivors (11264K)
 Metaspace       used 59014K, capacity 61035K, committed 61312K, reserved 438272K
  class space    used 7564K, capacity 8308K, committed 8396K, reserved 385024K
}
Event: 29.798 GC heap after
{Heap after GC invocations=30 (full 0):
 garbage-first heap   total 270336K, used 113071K [0x00000000e0000000, 0x0000000100000000)
  region size 1024K, 2 young (2048K), 2 survivors (2048K)
 Metaspace       used 59014K, capacity 61035K, committed 61312K, reserved 438272K
  class space    used 7564K, capacity 8308K, committed 8396K, reserved 385024K
}
Event: 30.734 GC heap before
{Heap before GC invocations=30 (full 0):
 garbage-first heap   total 270336K, used 198063K [0x00000000e0000000, 0x0000000100000000)
  region size 1024K, 85 young (87040K), 2 survivors (2048K)
 Metaspace       used 59015K, capacity 61036K, committed 61312K, reserved 438272K
  class space    used 7564K, capacity 8308K, committed 8396K, reserved 385024K
}
Event: 30.738 GC heap after
{Heap after GC invocations=31 (full 0):
 garbage-first heap   total 270336K, used 112559K [0x00000000e0000000, 0x0000000100000000)
  region size 1024K, 1 young (1024K), 1 survivors (1024K)
 Metaspace       used 59015K, capacity 61036K, committed 61312K, reserved 438272K
  class space    used 7564K, capacity 8308K, committed 8396K, reserved 385024K
}

